<?xml version="1.0" encoding="UTF-8" ?>
<testsuite tests="1" failures="0" name="br.com.alura.maven.ProdutoTest" time="0.028" errors="0" skipped="0">
  <properties>
    <property name="java.runtime.name" value="OpenJDK Runtime Environment"/>
    <property name="sun.boot.library.path" value="C:\Program Files (x86)\Amazon Corretto\jdk1.8.0_222\jre\bin"/>
    <property name="java.vm.version" value="25.222-b10"/>
    <property name="user.country.format" value="BR"/>
    <property name="java.vm.vendor" value="Amazon.com Inc."/>
    <property name="maven.multiModuleProjectDirectory" value="C:\Users\u0181365\OneDrive - Thomson Reuters Incorporated\Desktop\BKP de Tudo\Curso Alura\Maven\produtos"/>
    <property name="java.vendor.url" value="https://aws.amazon.com/corretto/"/>
    <property name="path.separator" value=";"/>
    <property name="guice.disable.misplaced.annotation.check" value="true"/>
    <property name="java.vm.name" value="OpenJDK Server VM"/>
    <property name="file.encoding.pkg" value="sun.io"/>
    <property name="user.script" value=""/>
    <property name="user.country" value="US"/>
    <property name="sun.java.launcher" value="SUN_STANDARD"/>
    <property name="sun.os.patch.level" value=""/>
    <property name="java.vm.specification.name" value="Java Virtual Machine Specification"/>
    <property name="user.dir" value="C:\Users\u0181365\OneDrive - Thomson Reuters Incorporated\Desktop\BKP de Tudo\Curso Alura\Maven\produtos"/>
    <property name="java.runtime.version" value="1.8.0_222-b10"/>
    <property name="java.awt.graphicsenv" value="sun.awt.Win32GraphicsEnvironment"/>
    <property name="java.endorsed.dirs" value="C:\Program Files (x86)\Amazon Corretto\jdk1.8.0_222\jre\lib\endorsed"/>
    <property name="os.arch" value="x86"/>
    <property name="java.io.tmpdir" value="C:\Users\u0181365\AppData\Local\Temp\"/>
    <property name="line.separator" value="
"/>
    <property name="java.vm.specification.vendor" value="Oracle Corporation"/>
    <property name="user.variant" value=""/>
    <property name="os.name" value="Windows 10"/>
    <property name="classworlds.conf" value="D:\tools\maven-3.6.3\bin\..\bin\m2.conf"/>
    <property name="sun.jnu.encoding" value="Cp1252"/>
    <property name="java.library.path" value="C:\Program Files (x86)\Amazon Corretto\jdk1.8.0_222\bin;C:\Windows\Sun\Java\bin;C:\Windows\system32;C:\Windows;C:\Program Files (x86)\Amazon Corretto\jdk1.8.0_222\bin;C:\Program Files\Amazon Corretto\jdk1.8.0_222\bin;C:\Windows\system32;C:\Windows;C:\Windows\System32\Wbem;C:\Windows\System32\WindowsPowerShell\v1.0\;C:\Windows\System32\OpenSSH\;C:\Program Files (x86)\NVIDIA Corporation\PhysX\Common;C:\Users\u0181365\.dnx\bin;C:\Program Files\Microsoft DNX\Dnvm\;C:\Program Files\Microsoft SQL Server\130\Tools\Binn\;C:\Program Files\SQL Anywhere 16\bin64;C:\Program Files\SQL Anywhere 16\bin32;C:\Program Files\Perforce;C:\Program Files\7-zip;C:\Program Files (x86)\GnuWin32\bin;C:\Program Files (x86)\Dominio\PBCVS;C:\Program Files (x86)\Dominio\Utils;C:\Program Files (x86)\Sybase\SQL Anywhere 9\win32;C:\Program Files (x86)\Sybase\Shared\win32;C:\Program Files (x86)\Sybase\SQL Anywhere 9\drivers;C:\Program Files (x86)\Sybase\Shared\Sybase Central 4.3\win32;C:\Program Files (x86)\PBForce;C:\Windows\Microsoft.NET\Framework\v4.0.30319;C:\Program Files\Git\cmd;D:\tools\gradle-6.2.1\bin;C:\ProgramData\chocolatey\bin;c:\Program Files (x86)\Microsoft SQL Server\90\Tools\binn\;D:\tools\maven-3.6.3\bin;;C:\Program Files\Docker\Docker\resources\bin;C:\ProgramData\DockerDesktop\version-bin;C:\Program Files (x86)\Sybase\Shared\PowerBuilder;C:\Program Files (x86)\Sybase\PowerBuilder 12.5;C:\Program Files\Amazon\AWSCLIV2\;C:\fontes\d\tools\python3.7\Scripts\;C:\fontes\d\tools\python3.7\;C:\Users\u0181365\AppData\Local\Microsoft\WindowsApps;;C:\Users\u0181365\AppData\Local\Programs\Microsoft VS Code\bin;C:\Users\u0181365\AppData\Local\Programs\Fiddler;C:\Program Files (x86)\CVSNT\;."/>
    <property name="maven.conf" value="D:\tools\maven-3.6.3\bin\../conf"/>
    <property name="java.specification.name" value="Java Platform API Specification"/>
    <property name="java.class.version" value="52.0"/>
    <property name="sun.management.compiler" value="HotSpot Tiered Compilers"/>
    <property name="os.version" value="10.0"/>
    <property name="library.jansi.path" value="D:\tools\maven-3.6.3\bin\..\lib\jansi-native"/>
    <property name="user.home" value="C:\Users\u0181365"/>
    <property name="user.timezone" value="America/Sao_Paulo"/>
    <property name="java.awt.printerjob" value="sun.awt.windows.WPrinterJob"/>
    <property name="java.specification.version" value="1.8"/>
    <property name="file.encoding" value="Cp1252"/>
    <property name="user.name" value="0181365"/>
    <property name="java.class.path" value="D:\tools\maven-3.6.3\bin\..\boot\plexus-classworlds-2.6.0.jar"/>
    <property name="java.vm.specification.version" value="1.8"/>
    <property name="sun.arch.data.model" value="32"/>
    <property name="java.home" value="C:\Program Files (x86)\Amazon Corretto\jdk1.8.0_222\jre"/>
    <property name="sun.java.command" value="org.codehaus.plexus.classworlds.launcher.Launcher install"/>
    <property name="java.specification.vendor" value="Oracle Corporation"/>
    <property name="user.language" value="en"/>
    <property name="user.language.format" value="pt"/>
    <property name="awt.toolkit" value="sun.awt.windows.WToolkit"/>
    <property name="java.vm.info" value="mixed mode"/>
    <property name="java.version" value="1.8.0_222"/>
    <property name="java.ext.dirs" value="C:\Program Files (x86)\Amazon Corretto\jdk1.8.0_222\jre\lib\ext;C:\Windows\Sun\Java\lib\ext"/>
    <property name="sun.boot.class.path" value="C:\Program Files (x86)\Amazon Corretto\jdk1.8.0_222\jre\lib\resources.jar;C:\Program Files (x86)\Amazon Corretto\jdk1.8.0_222\jre\lib\rt.jar;C:\Program Files (x86)\Amazon Corretto\jdk1.8.0_222\jre\lib\sunrsasign.jar;C:\Program Files (x86)\Amazon Corretto\jdk1.8.0_222\jre\lib\jsse.jar;C:\Program Files (x86)\Amazon Corretto\jdk1.8.0_222\jre\lib\jce.jar;C:\Program Files (x86)\Amazon Corretto\jdk1.8.0_222\jre\lib\charsets.jar;C:\Program Files (x86)\Amazon Corretto\jdk1.8.0_222\jre\lib\jfr.jar;C:\Program Files (x86)\Amazon Corretto\jdk1.8.0_222\jre\classes"/>
    <property name="sun.stderr.encoding" value="cp437"/>
    <property name="java.vendor" value="Amazon.com Inc."/>
    <property name="maven.home" value="D:\tools\maven-3.6.3\bin\.."/>
    <property name="file.separator" value="\"/>
    <property name="java.vendor.url.bug" value="https://github.com/corretto/corretto-8/issues/"/>
    <property name="sun.cpu.endian" value="little"/>
    <property name="sun.io.unicode.encoding" value="UnicodeLittle"/>
    <property name="sun.stdout.encoding" value="cp437"/>
    <property name="sun.desktop" value="windows"/>
    <property name="sun.cpu.isalist" value="pentium_pro+mmx pentium_pro pentium+mmx pentium i486 i386 i86"/>
  </properties>
  <testcase classname="br.com.alura.maven.ProdutoTest" name="verificaPrecoComImposto" time="0.028"/>
</testsuite>